<?xml version="1.0" encoding="UTF-8"?>
<!-- Generated by org.testng.reporters.JUnitReportReporter -->
<testsuite hostname="DESKTOP-LMIBSKA" failures="0" tests="2" name="test.LoginTest" time="8.740" errors="0" timestamp="2022-06-15T23:08:47 IST" skipped="0">
  <testcase classname="test.LoginTest" name="VerifyButton" time="0.264"/>
  <system-out/>
  <testcase classname="test.LoginTest" name="login" time="8.476"/>
  <system-out/>
</testsuite> <!-- test.LoginTest -->
