<?xml version="1.0" encoding="UTF-8"?>
<!-- Generated by org.testng.reporters.JUnitReportReporter -->
<testsuite hostname="DESKTOP-LMIBSKA" failures="0" tests="2" name="test.LoginTest" time="9.318" errors="0" timestamp="2022-06-15T23:07:27 IST" skipped="0">
  <testcase classname="test.LoginTest" name="VerifyButton" time="0.311"/>
  <system-out/>
  <testcase classname="test.LoginTest" name="login" time="9.007"/>
  <system-out/>
</testsuite> <!-- test.LoginTest -->
